[debug] [2025-05-13T13:56:46.698Z] ----------------------------------------------------------------------
[debug] [2025-05-13T13:56:46.708Z] Command:       C:\Program Files\nodejs\node.exe C:\Users\muham\AppData\Roaming\npm\node_modules\firebase-tools\lib\bin\firebase.js init
[debug] [2025-05-13T13:56:46.710Z] CLI Version:   14.3.1
[debug] [2025-05-13T13:56:46.711Z] Platform:      win32
[debug] [2025-05-13T13:56:46.711Z] Node Version:  v20.18.0
[debug] [2025-05-13T13:56:46.711Z] Time:          Tue May 13 2025 18:56:46 GMT+0500 (Pakistan Standard Time)
[debug] [2025-05-13T13:56:46.712Z] ----------------------------------------------------------------------
[debug] 
[debug] [2025-05-13T13:56:46.722Z] >>> [apiv2][query] GET https://firebase-public.firebaseio.com/cli.json [none]
[debug] [2025-05-13T13:56:46.845Z] > command requires scopes: ["email","openid","https://www.googleapis.com/auth/cloudplatformprojects.readonly","https://www.googleapis.com/auth/firebase","https://www.googleapis.com/auth/cloud-platform"]
[debug] [2025-05-13T13:56:46.846Z] > authorizing via signed-in user (muhammadsaqib8379@gmail.com)
[info] 
     ######## #### ########  ######## ########     ###     ######  ########
     ##        ##  ##     ## ##       ##     ##  ##   ##  ##       ##
     ######    ##  ########  ######   ########  #########  ######  ######
     ##        ##  ##    ##  ##       ##     ## ##     ##       ## ##
     ##       #### ##     ## ######## ########  ##     ##  ######  ########

You're about to initialize a Firebase project in this directory:

  D:\Projects\student-management-system

[debug] [2025-05-13T13:56:47.935Z] <<< [apiv2][status] GET https://firebase-public.firebaseio.com/cli.json 200
[debug] [2025-05-13T13:56:47.937Z] <<< [apiv2][body] GET https://firebase-public.firebaseio.com/cli.json {"cloudBuildErrorAfter":1594252800000,"cloudBuildWarnAfter":1590019200000,"defaultNode10After":1594252800000,"minVersion":"3.0.5","node8DeploysDisabledAfter":1613390400000,"node8RuntimeDisabledAfter":1615809600000,"node8WarnAfter":1600128000000}
